<?xml version="1.0" encoding="UTF-8"?>
<!-- Generated by org.testng.reporters.JUnitReportReporter -->
<testsuite skipped="0" hostname="TECH-ASALAMA" name="task8.Task8_DragAToB" tests="1" failures="0" timestamp="2019-10-04T23:12:07 EET" time="10.256" errors="0">
  <testcase name="dragAToBAndAssertThatAIsInTheCorrectLocation" time="10.256" classname="task8.Task8_DragAToB"/>
</testsuite> <!-- task8.Task8_DragAToB -->
