<?xml version="1.0" encoding="UTF-8"?>
<!-- Generated by org.testng.reporters.JUnitReportReporter -->
<testsuite skipped="0" hostname="TECH-ASALAMA" name="task6.Task6_CheckboxesIsChecked" tests="1" failures="0" timestamp="2019-10-04T22:19:37 EET" time="4.428" errors="0">
  <testcase name="checkTheCheckboxAndAssertThatCheckboxesIsChecked" time="4.428" classname="task6.Task6_CheckboxesIsChecked"/>
</testsuite> <!-- task6.Task6_CheckboxesIsChecked -->
