<?xml version="1.0" encoding="UTF-8"?>
<!-- Generated by org.testng.reporters.JUnitReportReporter -->
<testsuite skipped="0" hostname="TECH-ASALAMA" name="task1.Task1_Class" tests="1" failures="0" timestamp="2019-10-04T18:48:17 EET" time="3.234" errors="0">
  <testcase name="navigateToGoogleHomePageAndAssertPageTitle" time="3.234" classname="task1.Task1_Class"/>
</testsuite> <!-- task1.Task1_Class -->
