<?xml version="1.0" encoding="UTF-8"?>
<!-- Generated by org.testng.reporters.JUnitReportReporter -->
<testsuite skipped="0" hostname="TECH-ASALAMA" name="task2.Task2_Class" tests="1" failures="0" timestamp="2019-10-04T18:47:52 EET" time="4.982" errors="0">
  <testcase name="navigateToGoogleHomePageAndAssertGoogleLogo" time="4.982" classname="task2.Task2_Class"/>
</testsuite> <!-- task2.Task2_Class -->
