<?xml version="1.0" encoding="UTF-8"?>
<!-- Generated by org.testng.reporters.JUnitReportReporter -->
<testsuite skipped="0" hostname="TECH-ASALAMA" name="Task_Class.NewTest" tests="1" failures="0" timestamp="2019-09-30T15:23:16 EET" time="5.242" errors="0">
  <testcase name="navigateToGoogleHomePageAndAssertPageTitle" time="5.242" classname="Task_Class.NewTest"/>
</testsuite> <!-- Task_Class.NewTest -->
