<?xml version="1.0" encoding="UTF-8"?>
<!-- Generated by org.testng.reporters.JUnitReportReporter -->
<testsuite skipped="0" hostname="TECH-ASALAMA" name="task7.Task7_UploadImage" tests="1" failures="0" timestamp="2019-10-04T22:42:40 EET" time="7.016" errors="0">
  <testcase name="uploadAImageAndAssertTheImageIsUploaded" time="7.016" classname="task7.Task7_UploadImage"/>
</testsuite> <!-- task7.Task7_UploadImage -->
